[22-Sep-2017 02:21:37 UTC] PHP Parse error:  syntax error, unexpected '}' in /home/ubuntu/workspace/wp-content/themes/customtheme/functions.php on line 5
[22-Sep-2017 02:21:37 UTC] PHP Stack trace:
[22-Sep-2017 02:21:37 UTC] PHP   1. {main}() /home/ubuntu/workspace/wp-admin/admin-ajax.php:0
[22-Sep-2017 02:21:37 UTC] PHP   2. require_once() /home/ubuntu/workspace/wp-admin/admin-ajax.php:22
[22-Sep-2017 02:21:37 UTC] PHP   3. require_once() /home/ubuntu/workspace/wp-load.php:37
[22-Sep-2017 02:21:37 UTC] PHP   4. require_once() /home/ubuntu/workspace/wp-config.php:92
[22-Sep-2017 15:03:09 UTC] PHP Parse error:  syntax error, unexpected 'wp_enqueue_style' (T_STRING) in /home/ubuntu/workspace/wp-content/themes/customtheme/functions.php on line 6
[22-Sep-2017 15:03:09 UTC] PHP Stack trace:
[22-Sep-2017 15:03:09 UTC] PHP   1. {main}() /home/ubuntu/workspace/wp-admin/admin-ajax.php:0
[22-Sep-2017 15:03:09 UTC] PHP   2. require_once() /home/ubuntu/workspace/wp-admin/admin-ajax.php:22
[22-Sep-2017 15:03:09 UTC] PHP   3. require_once() /home/ubuntu/workspace/wp-load.php:37
[22-Sep-2017 15:03:09 UTC] PHP   4. require_once() /home/ubuntu/workspace/wp-config.php:92
[22-Sep-2017 15:05:12 UTC] PHP Parse error:  syntax error, unexpected 'wp_enqueue_style' (T_STRING) in /home/ubuntu/workspace/wp-content/themes/customtheme/functions.php on line 6
[22-Sep-2017 15:05:12 UTC] PHP Stack trace:
[22-Sep-2017 15:05:12 UTC] PHP   1. {main}() /home/ubuntu/workspace/wp-admin/admin-ajax.php:0
[22-Sep-2017 15:05:12 UTC] PHP   2. require_once() /home/ubuntu/workspace/wp-admin/admin-ajax.php:22
[22-Sep-2017 15:05:12 UTC] PHP   3. require_once() /home/ubuntu/workspace/wp-load.php:37
[22-Sep-2017 15:05:12 UTC] PHP   4. require_once() /home/ubuntu/workspace/wp-config.php:92
[22-Sep-2017 18:04:33 UTC] PHP Parse error:  syntax error, unexpected 'widgets' (T_STRING) in /home/ubuntu/workspace/wp-content/themes/customtheme/functions.php on line 24
[22-Sep-2017 18:04:33 UTC] PHP Stack trace:
[22-Sep-2017 18:04:33 UTC] PHP   1. {main}() /home/ubuntu/workspace/wp-admin/post.php:0
[22-Sep-2017 18:04:33 UTC] PHP   2. require_once() /home/ubuntu/workspace/wp-admin/post.php:12
[22-Sep-2017 18:04:33 UTC] PHP   3. require_once() /home/ubuntu/workspace/wp-admin/admin.php:31
[22-Sep-2017 18:04:33 UTC] PHP   4. require_once() /home/ubuntu/workspace/wp-load.php:37
[22-Sep-2017 18:04:33 UTC] PHP   5. require_once() /home/ubuntu/workspace/wp-config.php:92
[22-Sep-2017 18:04:35 UTC] PHP Parse error:  syntax error, unexpected 'widgets' (T_STRING) in /home/ubuntu/workspace/wp-content/themes/customtheme/functions.php on line 24
[22-Sep-2017 18:04:35 UTC] PHP Stack trace:
[22-Sep-2017 18:04:35 UTC] PHP   1. {main}() /home/ubuntu/workspace/wp-admin/admin-ajax.php:0
[22-Sep-2017 18:04:35 UTC] PHP   2. require_once() /home/ubuntu/workspace/wp-admin/admin-ajax.php:22
[22-Sep-2017 18:04:35 UTC] PHP   3. require_once() /home/ubuntu/workspace/wp-load.php:37
[22-Sep-2017 18:04:35 UTC] PHP   4. require_once() /home/ubuntu/workspace/wp-config.php:92
[22-Sep-2017 18:04:50 UTC] PHP Parse error:  syntax error, unexpected 'widgets' (T_STRING) in /home/ubuntu/workspace/wp-content/themes/customtheme/functions.php on line 24
[22-Sep-2017 18:04:50 UTC] PHP Stack trace:
[22-Sep-2017 18:04:50 UTC] PHP   1. {main}() /home/ubuntu/workspace/wp-admin/admin-ajax.php:0
[22-Sep-2017 18:04:50 UTC] PHP   2. require_once() /home/ubuntu/workspace/wp-admin/admin-ajax.php:22
[22-Sep-2017 18:04:50 UTC] PHP   3. require_once() /home/ubuntu/workspace/wp-load.php:37
[22-Sep-2017 18:04:50 UTC] PHP   4. require_once() /home/ubuntu/workspace/wp-config.php:92
[22-Sep-2017 18:04:52 UTC] PHP Parse error:  syntax error, unexpected 'widgets' (T_STRING) in /home/ubuntu/workspace/wp-content/themes/customtheme/functions.php on line 24
[22-Sep-2017 18:04:52 UTC] PHP Stack trace:
[22-Sep-2017 18:04:52 UTC] PHP   1. {main}() /home/ubuntu/workspace/wp-admin/post.php:0
[22-Sep-2017 18:04:52 UTC] PHP   2. require_once() /home/ubuntu/workspace/wp-admin/post.php:12
[22-Sep-2017 18:04:52 UTC] PHP   3. require_once() /home/ubuntu/workspace/wp-admin/admin.php:31
[22-Sep-2017 18:04:52 UTC] PHP   4. require_once() /home/ubuntu/workspace/wp-load.php:37
[22-Sep-2017 18:04:52 UTC] PHP   5. require_once() /home/ubuntu/workspace/wp-config.php:92
[22-Sep-2017 18:04:56 UTC] PHP Parse error:  syntax error, unexpected 'widgets' (T_STRING) in /home/ubuntu/workspace/wp-content/themes/customtheme/functions.php on line 24
[22-Sep-2017 18:04:56 UTC] PHP Stack trace:
[22-Sep-2017 18:04:56 UTC] PHP   1. {main}() /home/ubuntu/workspace/wp-admin/post.php:0
[22-Sep-2017 18:04:56 UTC] PHP   2. require_once() /home/ubuntu/workspace/wp-admin/post.php:12
[22-Sep-2017 18:04:56 UTC] PHP   3. require_once() /home/ubuntu/workspace/wp-admin/admin.php:31
[22-Sep-2017 18:04:56 UTC] PHP   4. require_once() /home/ubuntu/workspace/wp-load.php:37
[22-Sep-2017 18:04:56 UTC] PHP   5. require_once() /home/ubuntu/workspace/wp-config.php:92
[22-Sep-2017 19:02:25 UTC] PHP Notice:  Undefined index: title in /home/ubuntu/workspace/wp-includes/widgets/class-wp-widget-categories.php on line 136
[22-Sep-2017 19:02:25 UTC] PHP Stack trace:
[22-Sep-2017 19:02:25 UTC] PHP   1. {main}() /home/ubuntu/workspace/wp-admin/admin-ajax.php:0
[22-Sep-2017 19:02:25 UTC] PHP   2. do_action() /home/ubuntu/workspace/wp-admin/admin-ajax.php:91
[22-Sep-2017 19:02:25 UTC] PHP   3. WP_Hook->do_action() /home/ubuntu/workspace/wp-includes/plugin.php:453
[22-Sep-2017 19:02:25 UTC] PHP   4. WP_Hook->apply_filters() /home/ubuntu/workspace/wp-includes/class-wp-hook.php:323
[22-Sep-2017 19:02:25 UTC] PHP   5. call_user_func_array:{/home/ubuntu/workspace/wp-includes/class-wp-hook.php:298}() /home/ubuntu/workspace/wp-includes/class-wp-hook.php:298
[22-Sep-2017 19:02:25 UTC] PHP   6. wp_ajax_save_widget() /home/ubuntu/workspace/wp-includes/class-wp-hook.php:298
[22-Sep-2017 19:02:25 UTC] PHP   7. call_user_func_array:{/home/ubuntu/workspace/wp-admin/includes/ajax-actions.php:1977}() /home/ubuntu/workspace/wp-admin/includes/ajax-actions.php:1977
[22-Sep-2017 19:02:25 UTC] PHP   8. WP_Widget->update_callback() /home/ubuntu/workspace/wp-admin/includes/ajax-actions.php:1977
[22-Sep-2017 19:02:25 UTC] PHP   9. WP_Widget_Categories->update() /home/ubuntu/workspace/wp-includes/class-wp-widget.php:456
[22-Sep-2017 19:57:52 UTC] PHP Notice:  Undefined index: title in /home/ubuntu/workspace/wp-includes/widgets/class-wp-widget-pages.php on line 106
[22-Sep-2017 19:57:52 UTC] PHP Stack trace:
[22-Sep-2017 19:57:52 UTC] PHP   1. {main}() /home/ubuntu/workspace/wp-admin/admin-ajax.php:0
[22-Sep-2017 19:57:52 UTC] PHP   2. do_action() /home/ubuntu/workspace/wp-admin/admin-ajax.php:91
[22-Sep-2017 19:57:52 UTC] PHP   3. WP_Hook->do_action() /home/ubuntu/workspace/wp-includes/plugin.php:453
[22-Sep-2017 19:57:52 UTC] PHP   4. WP_Hook->apply_filters() /home/ubuntu/workspace/wp-includes/class-wp-hook.php:323
[22-Sep-2017 19:57:52 UTC] PHP   5. call_user_func_array:{/home/ubuntu/workspace/wp-includes/class-wp-hook.php:298}() /home/ubuntu/workspace/wp-includes/class-wp-hook.php:298
[22-Sep-2017 19:57:52 UTC] PHP   6. wp_ajax_save_widget() /home/ubuntu/workspace/wp-includes/class-wp-hook.php:298
[22-Sep-2017 19:57:52 UTC] PHP   7. call_user_func_array:{/home/ubuntu/workspace/wp-admin/includes/ajax-actions.php:1977}() /home/ubuntu/workspace/wp-admin/includes/ajax-actions.php:1977
[22-Sep-2017 19:57:52 UTC] PHP   8. WP_Widget->update_callback() /home/ubuntu/workspace/wp-admin/includes/ajax-actions.php:1977
[22-Sep-2017 19:57:52 UTC] PHP   9. WP_Widget_Pages->update() /home/ubuntu/workspace/wp-includes/class-wp-widget.php:456
[22-Sep-2017 19:57:52 UTC] PHP Notice:  Undefined index: sortby in /home/ubuntu/workspace/wp-includes/widgets/class-wp-widget-pages.php on line 107
[22-Sep-2017 19:57:52 UTC] PHP Stack trace:
[22-Sep-2017 19:57:52 UTC] PHP   1. {main}() /home/ubuntu/workspace/wp-admin/admin-ajax.php:0
[22-Sep-2017 19:57:52 UTC] PHP   2. do_action() /home/ubuntu/workspace/wp-admin/admin-ajax.php:91
[22-Sep-2017 19:57:52 UTC] PHP   3. WP_Hook->do_action() /home/ubuntu/workspace/wp-includes/plugin.php:453
[22-Sep-2017 19:57:52 UTC] PHP   4. WP_Hook->apply_filters() /home/ubuntu/workspace/wp-includes/class-wp-hook.php:323
[22-Sep-2017 19:57:52 UTC] PHP   5. call_user_func_array:{/home/ubuntu/workspace/wp-includes/class-wp-hook.php:298}() /home/ubuntu/workspace/wp-includes/class-wp-hook.php:298
[22-Sep-2017 19:57:52 UTC] PHP   6. wp_ajax_save_widget() /home/ubuntu/workspace/wp-includes/class-wp-hook.php:298
[22-Sep-2017 19:57:52 UTC] PHP   7. call_user_func_array:{/home/ubuntu/workspace/wp-admin/includes/ajax-actions.php:1977}() /home/ubuntu/workspace/wp-admin/includes/ajax-actions.php:1977
[22-Sep-2017 19:57:52 UTC] PHP   8. WP_Widget->update_callback() /home/ubuntu/workspace/wp-admin/includes/ajax-actions.php:1977
[22-Sep-2017 19:57:52 UTC] PHP   9. WP_Widget_Pages->update() /home/ubuntu/workspace/wp-includes/class-wp-widget.php:456
[22-Sep-2017 19:57:52 UTC] PHP Notice:  Undefined index: exclude in /home/ubuntu/workspace/wp-includes/widgets/class-wp-widget-pages.php on line 113
[22-Sep-2017 19:57:52 UTC] PHP Stack trace:
[22-Sep-2017 19:57:52 UTC] PHP   1. {main}() /home/ubuntu/workspace/wp-admin/admin-ajax.php:0
[22-Sep-2017 19:57:52 UTC] PHP   2. do_action() /home/ubuntu/workspace/wp-admin/admin-ajax.php:91
[22-Sep-2017 19:57:52 UTC] PHP   3. WP_Hook->do_action() /home/ubuntu/workspace/wp-includes/plugin.php:453
[22-Sep-2017 19:57:52 UTC] PHP   4. WP_Hook->apply_filters() /home/ubuntu/workspace/wp-includes/class-wp-hook.php:323
[22-Sep-2017 19:57:52 UTC] PHP   5. call_user_func_array:{/home/ubuntu/workspace/wp-includes/class-wp-hook.php:298}() /home/ubuntu/workspace/wp-includes/class-wp-hook.php:298
[22-Sep-2017 19:57:52 UTC] PHP   6. wp_ajax_save_widget() /home/ubuntu/workspace/wp-includes/class-wp-hook.php:298
[22-Sep-2017 19:57:52 UTC] PHP   7. call_user_func_array:{/home/ubuntu/workspace/wp-admin/includes/ajax-actions.php:1977}() /home/ubuntu/workspace/wp-admin/includes/ajax-actions.php:1977
[22-Sep-2017 19:57:52 UTC] PHP   8. WP_Widget->update_callback() /home/ubuntu/workspace/wp-admin/includes/ajax-actions.php:1977
[22-Sep-2017 19:57:52 UTC] PHP   9. WP_Widget_Pages->update() /home/ubuntu/workspace/wp-includes/class-wp-widget.php:456
[24-Sep-2017 03:47:13 UTC] PHP Parse error:  syntax error, unexpected 'wp_enqueue_style' (T_STRING) in /home/ubuntu/workspace/wp-content/themes/customtheme/functions.php on line 8
[24-Sep-2017 03:47:13 UTC] PHP Stack trace:
[24-Sep-2017 03:47:13 UTC] PHP   1. {main}() /home/ubuntu/workspace/wp-admin/admin-ajax.php:0
[24-Sep-2017 03:47:13 UTC] PHP   2. require_once() /home/ubuntu/workspace/wp-admin/admin-ajax.php:22
[24-Sep-2017 03:47:13 UTC] PHP   3. require_once() /home/ubuntu/workspace/wp-load.php:37
[24-Sep-2017 03:47:13 UTC] PHP   4. require_once() /home/ubuntu/workspace/wp-config.php:92
